[3.604s] Invoking command in '/home/spacecraft/ros2_ws/src/multi_launch': DEBUGINFOD_URLS=https://debuginfod.ubuntu.com PYTHONPATH=/home/spacecraft/ros2_ws/build/multi_launch/prefix_override:/usr/lib/python3/dist-packages/colcon_core/task/python/colcon_distutils_commands:/home/spacecraft/ros2_ws/install/multi_launch/lib/python3.12/site-packages:${PYTHONPATH} /usr/bin/python3 -W ignore:setup.py install is deprecated -W ignore:easy_install command is deprecated setup.py egg_info --egg-base ../../build/multi_launch build --build-base /home/spacecraft/ros2_ws/build/multi_launch/build install --record /home/spacecraft/ros2_ws/build/multi_launch/install.log --single-version-externally-managed install_data
[4.799s] running egg_info
[4.883s] writing ../../build/multi_launch/multi_launch.egg-info/PKG-INFO
[4.885s] writing dependency_links to ../../build/multi_launch/multi_launch.egg-info/dependency_links.txt
[4.887s] writing requirements to ../../build/multi_launch/multi_launch.egg-info/requires.txt
[4.888s] writing top-level names to ../../build/multi_launch/multi_launch.egg-info/top_level.txt
[5.068s] reading manifest file '../../build/multi_launch/multi_launch.egg-info/SOURCES.txt'
[5.071s] writing manifest file '../../build/multi_launch/multi_launch.egg-info/SOURCES.txt'
[5.072s] running build
[5.072s] running build_py
[5.073s] running install
[5.096s] running install_lib
[5.186s] running install_data
[5.187s] creating /home/spacecraft/ros2_ws/install/multi_launch/share/multi_launch/launch
[5.187s] copying launch/multi_launch.py -> /home/spacecraft/ros2_ws/install/multi_launch/share/multi_launch/launch
[5.188s] running install_egg_info
[5.281s] removing '/home/spacecraft/ros2_ws/install/multi_launch/lib/python3.12/site-packages/multi_launch-0.0.0-py3.12.egg-info' (and everything under it)
[5.283s] Copying ../../build/multi_launch/multi_launch.egg-info to /home/spacecraft/ros2_ws/install/multi_launch/lib/python3.12/site-packages/multi_launch-0.0.0-py3.12.egg-info
[5.287s] running install_scripts
[5.924s] writing list of installed files to '/home/spacecraft/ros2_ws/build/multi_launch/install.log'
[6.076s] Invoked command in '/home/spacecraft/ros2_ws/src/multi_launch' returned '0': DEBUGINFOD_URLS=https://debuginfod.ubuntu.com PYTHONPATH=/home/spacecraft/ros2_ws/build/multi_launch/prefix_override:/usr/lib/python3/dist-packages/colcon_core/task/python/colcon_distutils_commands:/home/spacecraft/ros2_ws/install/multi_launch/lib/python3.12/site-packages:${PYTHONPATH} /usr/bin/python3 -W ignore:setup.py install is deprecated -W ignore:easy_install command is deprecated setup.py egg_info --egg-base ../../build/multi_launch build --build-base /home/spacecraft/ros2_ws/build/multi_launch/build install --record /home/spacecraft/ros2_ws/build/multi_launch/install.log --single-version-externally-managed install_data
