[3.645s] Invoking command in '/home/spacecraft/ros2_ws/src/motor_controller': DEBUGINFOD_URLS=https://debuginfod.ubuntu.com PYTHONPATH=/home/spacecraft/ros2_ws/build/motor_controller/prefix_override:/usr/lib/python3/dist-packages/colcon_core/task/python/colcon_distutils_commands:/home/spacecraft/ros2_ws/install/motor_controller/lib/python3.12/site-packages:${PYTHONPATH} /usr/bin/python3 -W ignore:setup.py install is deprecated -W ignore:easy_install command is deprecated setup.py egg_info --egg-base ../../build/motor_controller build --build-base /home/spacecraft/ros2_ws/build/motor_controller/build install --record /home/spacecraft/ros2_ws/build/motor_controller/install.log --single-version-externally-managed install_data
[4.811s] running egg_info
[4.896s] writing ../../build/motor_controller/motor_controller.egg-info/PKG-INFO
[4.897s] writing dependency_links to ../../build/motor_controller/motor_controller.egg-info/dependency_links.txt
[4.899s] writing entry points to ../../build/motor_controller/motor_controller.egg-info/entry_points.txt
[4.900s] writing requirements to ../../build/motor_controller/motor_controller.egg-info/requires.txt
[4.900s] writing top-level names to ../../build/motor_controller/motor_controller.egg-info/top_level.txt
[5.075s] reading manifest file '../../build/motor_controller/motor_controller.egg-info/SOURCES.txt'
[5.079s] writing manifest file '../../build/motor_controller/motor_controller.egg-info/SOURCES.txt'
[5.079s] running build
[5.080s] running build_py
[5.081s] running install
[5.104s] running install_lib
[5.192s] running install_data
[5.193s] running install_egg_info
[5.283s] removing '/home/spacecraft/ros2_ws/install/motor_controller/lib/python3.12/site-packages/motor_controller-0.0.0-py3.12.egg-info' (and everything under it)
[5.284s] Copying ../../build/motor_controller/motor_controller.egg-info to /home/spacecraft/ros2_ws/install/motor_controller/lib/python3.12/site-packages/motor_controller-0.0.0-py3.12.egg-info
[5.292s] running install_scripts
[5.939s] Installing motor_node script to /home/spacecraft/ros2_ws/install/motor_controller/lib/motor_controller
[5.942s] writing list of installed files to '/home/spacecraft/ros2_ws/build/motor_controller/install.log'
[6.088s] Invoked command in '/home/spacecraft/ros2_ws/src/motor_controller' returned '0': DEBUGINFOD_URLS=https://debuginfod.ubuntu.com PYTHONPATH=/home/spacecraft/ros2_ws/build/motor_controller/prefix_override:/usr/lib/python3/dist-packages/colcon_core/task/python/colcon_distutils_commands:/home/spacecraft/ros2_ws/install/motor_controller/lib/python3.12/site-packages:${PYTHONPATH} /usr/bin/python3 -W ignore:setup.py install is deprecated -W ignore:easy_install command is deprecated setup.py egg_info --egg-base ../../build/motor_controller build --build-base /home/spacecraft/ros2_ws/build/motor_controller/build install --record /home/spacecraft/ros2_ws/build/motor_controller/install.log --single-version-externally-managed install_data
