[3.479s] Invoking command in '/home/spacecraft/ros2_ws/src/motor_controller': DEBUGINFOD_URLS=https://debuginfod.ubuntu.com PYTHONPATH=/home/spacecraft/ros2_ws/build/motor_controller/prefix_override:/usr/lib/python3/dist-packages/colcon_core/task/python/colcon_distutils_commands:/home/spacecraft/ros2_ws/install/motor_controller/lib/python3.12/site-packages:${PYTHONPATH} /usr/bin/python3 -W ignore:setup.py install is deprecated -W ignore:easy_install command is deprecated setup.py egg_info --egg-base ../../build/motor_controller build --build-base /home/spacecraft/ros2_ws/build/motor_controller/build install --record /home/spacecraft/ros2_ws/build/motor_controller/install.log --single-version-externally-managed install_data
[4.587s] running egg_info
[4.665s] writing ../../build/motor_controller/motor_controller.egg-info/PKG-INFO
[4.666s] writing dependency_links to ../../build/motor_controller/motor_controller.egg-info/dependency_links.txt
[4.688s] writing entry points to ../../build/motor_controller/motor_controller.egg-info/entry_points.txt
[4.689s] writing requirements to ../../build/motor_controller/motor_controller.egg-info/requires.txt
[4.690s] writing top-level names to ../../build/motor_controller/motor_controller.egg-info/top_level.txt
[4.872s] reading manifest file '../../build/motor_controller/motor_controller.egg-info/SOURCES.txt'
[4.875s] writing manifest file '../../build/motor_controller/motor_controller.egg-info/SOURCES.txt'
[4.876s] running build
[4.876s] running build_py
[4.878s] running install
[4.901s] running install_lib
[4.984s] running install_data
[4.984s] running install_egg_info
[5.068s] removing '/home/spacecraft/ros2_ws/install/motor_controller/lib/python3.12/site-packages/motor_controller-0.0.0-py3.12.egg-info' (and everything under it)
[5.069s] Copying ../../build/motor_controller/motor_controller.egg-info to /home/spacecraft/ros2_ws/install/motor_controller/lib/python3.12/site-packages/motor_controller-0.0.0-py3.12.egg-info
[5.074s] running install_scripts
[5.675s] Installing motor_node script to /home/spacecraft/ros2_ws/install/motor_controller/lib/motor_controller
[5.677s] writing list of installed files to '/home/spacecraft/ros2_ws/build/motor_controller/install.log'
[5.822s] Invoked command in '/home/spacecraft/ros2_ws/src/motor_controller' returned '0': DEBUGINFOD_URLS=https://debuginfod.ubuntu.com PYTHONPATH=/home/spacecraft/ros2_ws/build/motor_controller/prefix_override:/usr/lib/python3/dist-packages/colcon_core/task/python/colcon_distutils_commands:/home/spacecraft/ros2_ws/install/motor_controller/lib/python3.12/site-packages:${PYTHONPATH} /usr/bin/python3 -W ignore:setup.py install is deprecated -W ignore:easy_install command is deprecated setup.py egg_info --egg-base ../../build/motor_controller build --build-base /home/spacecraft/ros2_ws/build/motor_controller/build install --record /home/spacecraft/ros2_ws/build/motor_controller/install.log --single-version-externally-managed install_data
