[0.379s] DEBUG:colcon:Command line arguments: ['/usr/bin/colcon', 'build', '--packages-select', 'multi_launch']
[0.379s] DEBUG:colcon:Parsed command line arguments: Namespace(log_base=None, log_level=None, verb_name='build', build_base='build', install_base='install', merge_install=False, symlink_install=False, test_result_base=None, continue_on_error=False, executor='parallel', parallel_workers=4, event_handlers=None, ignore_user_meta=False, metas=['./colcon.meta'], base_paths=['.'], packages_ignore=None, packages_ignore_regex=None, paths=None, packages_up_to=None, packages_up_to_regex=None, packages_above=None, packages_above_and_dependencies=None, packages_above_depth=None, packages_select_by_dep=None, packages_skip_by_dep=None, packages_skip_up_to=None, packages_select_build_failed=False, packages_skip_build_finished=False, packages_select_test_failures=False, packages_skip_test_passed=False, packages_select=['multi_launch'], packages_skip=None, packages_select_regex=None, packages_skip_regex=None, packages_start=None, packages_end=None, allow_overriding=[], cmake_args=None, cmake_target=None, cmake_target_skip_unavailable=False, cmake_clean_cache=False, cmake_clean_first=False, cmake_force_configure=False, ament_cmake_args=None, catkin_cmake_args=None, catkin_skip_building_tests=False, verb_parser=<colcon_defaults.argument_parser.defaults.DefaultArgumentsDecorator object at 0xffff85ffe750>, verb_extension=<colcon_core.verb.build.BuildVerb object at 0xffff86322450>, main=<bound method BuildVerb.main of <colcon_core.verb.build.BuildVerb object at 0xffff86322450>>)
[0.543s] Level 1:colcon.colcon_core.package_discovery:discover_packages(colcon_meta) check parameters
[0.543s] Level 1:colcon.colcon_core.package_discovery:discover_packages(recursive) check parameters
[0.543s] Level 1:colcon.colcon_core.package_discovery:discover_packages(ignore) check parameters
[0.543s] Level 1:colcon.colcon_core.package_discovery:discover_packages(path) check parameters
[0.543s] Level 1:colcon.colcon_core.package_discovery:discover_packages(colcon_meta) discover
[0.544s] Level 1:colcon.colcon_core.package_discovery:discover_packages(recursive) discover
[0.544s] INFO:colcon.colcon_core.package_discovery:Crawling recursively for packages in '/home/spacecraft/ros2_ws'
[0.544s] Level 1:colcon.colcon_core.package_identification:_identify(.) by extensions ['ignore', 'ignore_ament_install']
[0.545s] Level 1:colcon.colcon_core.package_identification:_identify(.) by extension 'ignore'
[0.545s] Level 1:colcon.colcon_core.package_identification:_identify(.) by extension 'ignore_ament_install'
[0.545s] Level 1:colcon.colcon_core.package_identification:_identify(.) by extensions ['colcon_pkg']
[0.545s] Level 1:colcon.colcon_core.package_identification:_identify(.) by extension 'colcon_pkg'
[0.545s] Level 1:colcon.colcon_core.package_identification:_identify(.) by extensions ['colcon_meta']
[0.545s] Level 1:colcon.colcon_core.package_identification:_identify(.) by extension 'colcon_meta'
[0.546s] Level 1:colcon.colcon_core.package_identification:_identify(.) by extensions ['ros']
[0.546s] Level 1:colcon.colcon_core.package_identification:_identify(.) by extension 'ros'
[0.645s] Level 1:colcon.colcon_core.package_identification:_identify(.) by extensions ['cmake', 'python']
[0.645s] Level 1:colcon.colcon_core.package_identification:_identify(.) by extension 'cmake'
[0.645s] Level 1:colcon.colcon_core.package_identification:_identify(.) by extension 'python'
[0.645s] Level 1:colcon.colcon_core.package_identification:_identify(.) by extensions ['python_setup_py']
[0.646s] Level 1:colcon.colcon_core.package_identification:_identify(.) by extension 'python_setup_py'
[0.646s] Level 1:colcon.colcon_core.package_identification:_identify(build) by extensions ['ignore', 'ignore_ament_install']
[0.646s] Level 1:colcon.colcon_core.package_identification:_identify(build) by extension 'ignore'
[0.647s] Level 1:colcon.colcon_core.package_identification:_identify(build) ignored
[0.647s] Level 1:colcon.colcon_core.package_identification:_identify(install) by extensions ['ignore', 'ignore_ament_install']
[0.648s] Level 1:colcon.colcon_core.package_identification:_identify(install) by extension 'ignore'
[0.648s] Level 1:colcon.colcon_core.package_identification:_identify(install) ignored
[0.648s] Level 1:colcon.colcon_core.package_identification:_identify(log) by extensions ['ignore', 'ignore_ament_install']
[0.648s] Level 1:colcon.colcon_core.package_identification:_identify(log) by extension 'ignore'
[0.649s] Level 1:colcon.colcon_core.package_identification:_identify(log) ignored
[0.649s] Level 1:colcon.colcon_core.package_identification:_identify(src) by extensions ['ignore', 'ignore_ament_install']
[0.649s] Level 1:colcon.colcon_core.package_identification:_identify(src) by extension 'ignore'
[0.649s] Level 1:colcon.colcon_core.package_identification:_identify(src) by extension 'ignore_ament_install'
[0.650s] Level 1:colcon.colcon_core.package_identification:_identify(src) by extensions ['colcon_pkg']
[0.650s] Level 1:colcon.colcon_core.package_identification:_identify(src) by extension 'colcon_pkg'
[0.650s] Level 1:colcon.colcon_core.package_identification:_identify(src) by extensions ['colcon_meta']
[0.650s] Level 1:colcon.colcon_core.package_identification:_identify(src) by extension 'colcon_meta'
[0.650s] Level 1:colcon.colcon_core.package_identification:_identify(src) by extensions ['ros']
[0.650s] Level 1:colcon.colcon_core.package_identification:_identify(src) by extension 'ros'
[0.651s] Level 1:colcon.colcon_core.package_identification:_identify(src) by extensions ['cmake', 'python']
[0.651s] Level 1:colcon.colcon_core.package_identification:_identify(src) by extension 'cmake'
[0.651s] Level 1:colcon.colcon_core.package_identification:_identify(src) by extension 'python'
[0.651s] Level 1:colcon.colcon_core.package_identification:_identify(src) by extensions ['python_setup_py']
[0.651s] Level 1:colcon.colcon_core.package_identification:_identify(src) by extension 'python_setup_py'
[0.652s] Level 1:colcon.colcon_core.package_identification:_identify(src/motor_controller) by extensions ['ignore', 'ignore_ament_install']
[0.652s] Level 1:colcon.colcon_core.package_identification:_identify(src/motor_controller) by extension 'ignore'
[0.652s] Level 1:colcon.colcon_core.package_identification:_identify(src/motor_controller) by extension 'ignore_ament_install'
[0.652s] Level 1:colcon.colcon_core.package_identification:_identify(src/motor_controller) by extensions ['colcon_pkg']
[0.652s] Level 1:colcon.colcon_core.package_identification:_identify(src/motor_controller) by extension 'colcon_pkg'
[0.653s] Level 1:colcon.colcon_core.package_identification:_identify(src/motor_controller) by extensions ['colcon_meta']
[0.653s] Level 1:colcon.colcon_core.package_identification:_identify(src/motor_controller) by extension 'colcon_meta'
[0.653s] Level 1:colcon.colcon_core.package_identification:_identify(src/motor_controller) by extensions ['ros']
[0.653s] Level 1:colcon.colcon_core.package_identification:_identify(src/motor_controller) by extension 'ros'
[0.661s] DEBUG:colcon.colcon_core.package_identification:Package 'src/motor_controller' with type 'ros.ament_python' and name 'motor_controller'
[0.662s] Level 1:colcon.colcon_core.package_identification:_identify(src/multi_launch) by extensions ['ignore', 'ignore_ament_install']
[0.662s] Level 1:colcon.colcon_core.package_identification:_identify(src/multi_launch) by extension 'ignore'
[0.662s] Level 1:colcon.colcon_core.package_identification:_identify(src/multi_launch) by extension 'ignore_ament_install'
[0.662s] Level 1:colcon.colcon_core.package_identification:_identify(src/multi_launch) by extensions ['colcon_pkg']
[0.663s] Level 1:colcon.colcon_core.package_identification:_identify(src/multi_launch) by extension 'colcon_pkg'
[0.663s] Level 1:colcon.colcon_core.package_identification:_identify(src/multi_launch) by extensions ['colcon_meta']
[0.663s] Level 1:colcon.colcon_core.package_identification:_identify(src/multi_launch) by extension 'colcon_meta'
[0.663s] Level 1:colcon.colcon_core.package_identification:_identify(src/multi_launch) by extensions ['ros']
[0.663s] Level 1:colcon.colcon_core.package_identification:_identify(src/multi_launch) by extension 'ros'
[0.665s] DEBUG:colcon.colcon_core.package_identification:Package 'src/multi_launch' with type 'ros.ament_python' and name 'multi_launch'
[0.665s] Level 1:colcon.colcon_core.package_discovery:discover_packages(recursive) using defaults
[0.665s] Level 1:colcon.colcon_core.package_discovery:discover_packages(ignore) discover
[0.665s] Level 1:colcon.colcon_core.package_discovery:discover_packages(ignore) using defaults
[0.665s] Level 1:colcon.colcon_core.package_discovery:discover_packages(path) discover
[0.665s] Level 1:colcon.colcon_core.package_discovery:discover_packages(path) using defaults
[0.734s] INFO:colcon.colcon_core.package_selection:Skipping not selected package 'motor_controller' in 'src/motor_controller'
[0.736s] Level 1:colcon.colcon_core.package_discovery:discover_packages(prefix_path) check parameters
[0.736s] Level 1:colcon.colcon_core.package_discovery:discover_packages(prefix_path) discover
[0.740s] Level 1:colcon.colcon_core.package_discovery:discover_packages(prefix_path) using defaults
[0.744s] Level 5:colcon.colcon_core.verb:set package 'multi_launch' build argument 'cmake_args' from command line to 'None'
[0.744s] Level 5:colcon.colcon_core.verb:set package 'multi_launch' build argument 'cmake_target' from command line to 'None'
[0.744s] Level 5:colcon.colcon_core.verb:set package 'multi_launch' build argument 'cmake_target_skip_unavailable' from command line to 'False'
[0.744s] Level 5:colcon.colcon_core.verb:set package 'multi_launch' build argument 'cmake_clean_cache' from command line to 'False'
[0.744s] Level 5:colcon.colcon_core.verb:set package 'multi_launch' build argument 'cmake_clean_first' from command line to 'False'
[0.744s] Level 5:colcon.colcon_core.verb:set package 'multi_launch' build argument 'cmake_force_configure' from command line to 'False'
[0.745s] Level 5:colcon.colcon_core.verb:set package 'multi_launch' build argument 'ament_cmake_args' from command line to 'None'
[0.745s] Level 5:colcon.colcon_core.verb:set package 'multi_launch' build argument 'catkin_cmake_args' from command line to 'None'
[0.745s] Level 5:colcon.colcon_core.verb:set package 'multi_launch' build argument 'catkin_skip_building_tests' from command line to 'False'
[0.745s] DEBUG:colcon.colcon_core.verb:Building package 'multi_launch' with the following arguments: {'ament_cmake_args': None, 'build_base': '/home/spacecraft/ros2_ws/build/multi_launch', 'catkin_cmake_args': None, 'catkin_skip_building_tests': False, 'cmake_args': None, 'cmake_clean_cache': False, 'cmake_clean_first': False, 'cmake_force_configure': False, 'cmake_target': None, 'cmake_target_skip_unavailable': False, 'install_base': '/home/spacecraft/ros2_ws/install/multi_launch', 'merge_install': False, 'path': '/home/spacecraft/ros2_ws/src/multi_launch', 'symlink_install': False, 'test_result_base': None}
[0.745s] INFO:colcon.colcon_core.executor:Executing jobs using 'parallel' executor
[0.748s] DEBUG:colcon.colcon_parallel_executor.executor.parallel:run_until_complete
[0.749s] INFO:colcon.colcon_ros.task.ament_python.build:Building ROS package in '/home/spacecraft/ros2_ws/src/multi_launch' with build type 'ament_python'
[0.750s] Level 1:colcon.colcon_core.shell:create_environment_hook('multi_launch', 'ament_prefix_path')
[0.758s] INFO:colcon.colcon_core.plugin_system:Skipping extension 'colcon_core.shell.bat': Not used on non-Windows systems
[0.759s] INFO:colcon.colcon_core.shell:Creating environment hook '/home/spacecraft/ros2_ws/install/multi_launch/share/multi_launch/hook/ament_prefix_path.ps1'
[0.762s] INFO:colcon.colcon_core.shell:Creating environment descriptor '/home/spacecraft/ros2_ws/install/multi_launch/share/multi_launch/hook/ament_prefix_path.dsv'
[0.764s] INFO:colcon.colcon_core.shell:Creating environment hook '/home/spacecraft/ros2_ws/install/multi_launch/share/multi_launch/hook/ament_prefix_path.sh'
[0.766s] INFO:colcon.colcon_core.shell:Skip shell extension 'powershell' for command environment: Not usable outside of PowerShell
[0.766s] DEBUG:colcon.colcon_core.shell:Skip shell extension 'dsv' for command environment
[1.496s] INFO:colcon.colcon_core.task.python.build:Building Python package in '/home/spacecraft/ros2_ws/src/multi_launch'
[1.497s] INFO:colcon.colcon_core.shell:Skip shell extension 'powershell' for command environment: Not usable outside of PowerShell
[1.497s] DEBUG:colcon.colcon_core.shell:Skip shell extension 'dsv' for command environment
[3.259s] DEBUG:colcon.colcon_core.event_handler.log_command:Invoking command in '/home/spacecraft/ros2_ws/src/multi_launch': DEBUGINFOD_URLS=https://debuginfod.ubuntu.com PYTHONPATH=/home/spacecraft/ros2_ws/build/multi_launch/prefix_override:/usr/lib/python3/dist-packages/colcon_core/task/python/colcon_distutils_commands:/home/spacecraft/ros2_ws/install/multi_launch/lib/python3.12/site-packages: /usr/bin/python3 -W ignore:setup.py install is deprecated -W ignore:easy_install command is deprecated setup.py egg_info --egg-base ../../build/multi_launch build --build-base /home/spacecraft/ros2_ws/build/multi_launch/build install --record /home/spacecraft/ros2_ws/build/multi_launch/install.log --single-version-externally-managed install_data
[4.826s] DEBUG:colcon.colcon_core.event_handler.log_command:Invoked command in '/home/spacecraft/ros2_ws/src/multi_launch' returned '0': DEBUGINFOD_URLS=https://debuginfod.ubuntu.com PYTHONPATH=/home/spacecraft/ros2_ws/build/multi_launch/prefix_override:/usr/lib/python3/dist-packages/colcon_core/task/python/colcon_distutils_commands:/home/spacecraft/ros2_ws/install/multi_launch/lib/python3.12/site-packages: /usr/bin/python3 -W ignore:setup.py install is deprecated -W ignore:easy_install command is deprecated setup.py egg_info --egg-base ../../build/multi_launch build --build-base /home/spacecraft/ros2_ws/build/multi_launch/build install --record /home/spacecraft/ros2_ws/build/multi_launch/install.log --single-version-externally-managed install_data
[4.839s] Level 1:colcon.colcon_core.environment:checking '/home/spacecraft/ros2_ws/install/multi_launch' for CMake module files
[4.842s] Level 1:colcon.colcon_core.environment:checking '/home/spacecraft/ros2_ws/install/multi_launch' for CMake config files
[4.845s] Level 1:colcon.colcon_core.environment:checking '/home/spacecraft/ros2_ws/install/multi_launch/lib'
[4.846s] Level 1:colcon.colcon_core.environment:checking '/home/spacecraft/ros2_ws/install/multi_launch/bin'
[4.847s] Level 1:colcon.colcon_core.environment:checking '/home/spacecraft/ros2_ws/install/multi_launch/lib/pkgconfig/multi_launch.pc'
[4.847s] Level 1:colcon.colcon_core.environment:checking '/home/spacecraft/ros2_ws/install/multi_launch/lib/python3.12/site-packages'
[4.848s] Level 1:colcon.colcon_core.shell:create_environment_hook('multi_launch', 'pythonpath')
[4.849s] INFO:colcon.colcon_core.shell:Creating environment hook '/home/spacecraft/ros2_ws/install/multi_launch/share/multi_launch/hook/pythonpath.ps1'
[4.851s] INFO:colcon.colcon_core.shell:Creating environment descriptor '/home/spacecraft/ros2_ws/install/multi_launch/share/multi_launch/hook/pythonpath.dsv'
[4.852s] INFO:colcon.colcon_core.shell:Creating environment hook '/home/spacecraft/ros2_ws/install/multi_launch/share/multi_launch/hook/pythonpath.sh'
[4.855s] Level 1:colcon.colcon_core.environment:checking '/home/spacecraft/ros2_ws/install/multi_launch/bin'
[4.855s] Level 1:colcon.colcon_core.environment:create_environment_scripts_only(multi_launch)
[4.856s] INFO:colcon.colcon_core.shell:Creating package script '/home/spacecraft/ros2_ws/install/multi_launch/share/multi_launch/package.ps1'
[4.859s] INFO:colcon.colcon_core.shell:Creating package descriptor '/home/spacecraft/ros2_ws/install/multi_launch/share/multi_launch/package.dsv'
[4.861s] INFO:colcon.colcon_core.shell:Creating package script '/home/spacecraft/ros2_ws/install/multi_launch/share/multi_launch/package.sh'
[4.864s] INFO:colcon.colcon_core.shell:Creating package script '/home/spacecraft/ros2_ws/install/multi_launch/share/multi_launch/package.bash'
[4.867s] INFO:colcon.colcon_core.shell:Creating package script '/home/spacecraft/ros2_ws/install/multi_launch/share/multi_launch/package.zsh'
[4.870s] Level 1:colcon.colcon_core.environment:create_file_with_runtime_dependencies(/home/spacecraft/ros2_ws/install/multi_launch/share/colcon-core/packages/multi_launch)
[4.871s] DEBUG:colcon.colcon_parallel_executor.executor.parallel:closing loop
[4.872s] DEBUG:colcon.colcon_parallel_executor.executor.parallel:loop closed
[4.873s] DEBUG:colcon.colcon_parallel_executor.executor.parallel:run_until_complete finished with '0'
[4.873s] DEBUG:colcon.colcon_core.event_reactor:joining thread
[4.895s] INFO:colcon.colcon_core.plugin_system:Skipping extension 'colcon_notification.desktop_notification.terminal_notifier': Not used on non-Darwin systems
[4.895s] INFO:colcon.colcon_core.plugin_system:Skipping extension 'colcon_notification.desktop_notification.win32': Not used on non-Windows systems
[4.895s] INFO:colcon.colcon_notification.desktop_notification:Sending desktop notification using 'notify2'
[4.967s] DEBUG:colcon.colcon_core.event_reactor:joined thread
[4.968s] INFO:colcon.colcon_core.shell:Creating prefix script '/home/spacecraft/ros2_ws/install/local_setup.ps1'
[4.972s] INFO:colcon.colcon_core.shell:Creating prefix util module '/home/spacecraft/ros2_ws/install/_local_setup_util_ps1.py'
[4.977s] INFO:colcon.colcon_core.shell:Creating prefix chain script '/home/spacecraft/ros2_ws/install/setup.ps1'
[4.981s] INFO:colcon.colcon_core.shell:Creating prefix script '/home/spacecraft/ros2_ws/install/local_setup.sh'
[4.984s] INFO:colcon.colcon_core.shell:Creating prefix util module '/home/spacecraft/ros2_ws/install/_local_setup_util_sh.py'
[4.988s] INFO:colcon.colcon_core.shell:Creating prefix chain script '/home/spacecraft/ros2_ws/install/setup.sh'
[4.991s] INFO:colcon.colcon_core.shell:Creating prefix script '/home/spacecraft/ros2_ws/install/local_setup.bash'
[4.994s] INFO:colcon.colcon_core.shell:Creating prefix chain script '/home/spacecraft/ros2_ws/install/setup.bash'
[4.998s] INFO:colcon.colcon_core.shell:Creating prefix script '/home/spacecraft/ros2_ws/install/local_setup.zsh'
[5.000s] INFO:colcon.colcon_core.shell:Creating prefix chain script '/home/spacecraft/ros2_ws/install/setup.zsh'
