running egg_info
creating ../../build/multi_launch/multi_launch.egg-info
writing ../../build/multi_launch/multi_launch.egg-info/PKG-INFO
writing dependency_links to ../../build/multi_launch/multi_launch.egg-info/dependency_links.txt
writing requirements to ../../build/multi_launch/multi_launch.egg-info/requires.txt
writing top-level names to ../../build/multi_launch/multi_launch.egg-info/top_level.txt
writing manifest file '../../build/multi_launch/multi_launch.egg-info/SOURCES.txt'
reading manifest file '../../build/multi_launch/multi_launch.egg-info/SOURCES.txt'
writing manifest file '../../build/multi_launch/multi_launch.egg-info/SOURCES.txt'
running build
running build_py
creating /home/spacecraft/ros2_ws/build/multi_launch/build
creating /home/spacecraft/ros2_ws/build/multi_launch/build/lib
creating /home/spacecraft/ros2_ws/build/multi_launch/build/lib/multi_launch
copying multi_launch/__init__.py -> /home/spacecraft/ros2_ws/build/multi_launch/build/lib/multi_launch
running install
running install_lib
creating /home/spacecraft/ros2_ws/install/multi_launch/lib/python3.12/site-packages/multi_launch
copying /home/spacecraft/ros2_ws/build/multi_launch/build/lib/multi_launch/__init__.py -> /home/spacecraft/ros2_ws/install/multi_launch/lib/python3.12/site-packages/multi_launch
byte-compiling /home/spacecraft/ros2_ws/install/multi_launch/lib/python3.12/site-packages/multi_launch/__init__.py to __init__.cpython-312.pyc
running install_data
creating /home/spacecraft/ros2_ws/install/multi_launch/share/ament_index
creating /home/spacecraft/ros2_ws/install/multi_launch/share/ament_index/resource_index
creating /home/spacecraft/ros2_ws/install/multi_launch/share/ament_index/resource_index/packages
copying resource/multi_launch -> /home/spacecraft/ros2_ws/install/multi_launch/share/ament_index/resource_index/packages
copying package.xml -> /home/spacecraft/ros2_ws/install/multi_launch/share/multi_launch
running install_egg_info
Copying ../../build/multi_launch/multi_launch.egg-info to /home/spacecraft/ros2_ws/install/multi_launch/lib/python3.12/site-packages/multi_launch-0.0.0-py3.12.egg-info
running install_scripts
writing list of installed files to '/home/spacecraft/ros2_ws/build/multi_launch/install.log'
