[3.672s] Invoking command in '/home/spacecraft/ros2_ws/src/multi_launch': DEBUGINFOD_URLS=https://debuginfod.ubuntu.com PYTHONPATH=/home/spacecraft/ros2_ws/build/multi_launch/prefix_override:/usr/lib/python3/dist-packages/colcon_core/task/python/colcon_distutils_commands:/home/spacecraft/ros2_ws/install/multi_launch/lib/python3.12/site-packages:${PYTHONPATH} /usr/bin/python3 -W ignore:setup.py install is deprecated -W ignore:easy_install command is deprecated setup.py egg_info --egg-base ../../build/multi_launch build --build-base /home/spacecraft/ros2_ws/build/multi_launch/build install --record /home/spacecraft/ros2_ws/build/multi_launch/install.log --single-version-externally-managed install_data
[4.909s] running egg_info
[4.994s] writing ../../build/multi_launch/multi_launch.egg-info/PKG-INFO
[4.995s] writing dependency_links to ../../build/multi_launch/multi_launch.egg-info/dependency_links.txt
[4.997s] writing requirements to ../../build/multi_launch/multi_launch.egg-info/requires.txt
[4.997s] writing top-level names to ../../build/multi_launch/multi_launch.egg-info/top_level.txt
[5.173s] reading manifest file '../../build/multi_launch/multi_launch.egg-info/SOURCES.txt'
[5.176s] writing manifest file '../../build/multi_launch/multi_launch.egg-info/SOURCES.txt'
[5.179s] running build
[5.180s] running build_py
[5.181s] running install
[5.203s] running install_lib
[5.292s] running install_data
[5.293s] copying launch/multi_launch.py -> /home/spacecraft/ros2_ws/install/multi_launch/share/multi_launch/launch
[5.294s] running install_egg_info
[5.384s] removing '/home/spacecraft/ros2_ws/install/multi_launch/lib/python3.12/site-packages/multi_launch-0.0.0-py3.12.egg-info' (and everything under it)
[5.386s] Copying ../../build/multi_launch/multi_launch.egg-info to /home/spacecraft/ros2_ws/install/multi_launch/lib/python3.12/site-packages/multi_launch-0.0.0-py3.12.egg-info
[5.390s] running install_scripts
[6.026s] writing list of installed files to '/home/spacecraft/ros2_ws/build/multi_launch/install.log'
[6.180s] Invoked command in '/home/spacecraft/ros2_ws/src/multi_launch' returned '0': DEBUGINFOD_URLS=https://debuginfod.ubuntu.com PYTHONPATH=/home/spacecraft/ros2_ws/build/multi_launch/prefix_override:/usr/lib/python3/dist-packages/colcon_core/task/python/colcon_distutils_commands:/home/spacecraft/ros2_ws/install/multi_launch/lib/python3.12/site-packages:${PYTHONPATH} /usr/bin/python3 -W ignore:setup.py install is deprecated -W ignore:easy_install command is deprecated setup.py egg_info --egg-base ../../build/multi_launch build --build-base /home/spacecraft/ros2_ws/build/multi_launch/build install --record /home/spacecraft/ros2_ws/build/multi_launch/install.log --single-version-externally-managed install_data
