[5.119s] Invoking command in '/home/spacecraft/ros2_ws/src/motor_controller': DEBUGINFOD_URLS=https://debuginfod.ubuntu.com PYTHONPATH=/home/spacecraft/ros2_ws/build/motor_controller/prefix_override:/usr/lib/python3/dist-packages/colcon_core/task/python/colcon_distutils_commands:/home/spacecraft/ros2_ws/install/motor_controller/lib/python3.12/site-packages:${PYTHONPATH} /usr/bin/python3 -W ignore:setup.py install is deprecated -W ignore:easy_install command is deprecated setup.py egg_info --egg-base ../../build/motor_controller build --build-base /home/spacecraft/ros2_ws/build/motor_controller/build install --record /home/spacecraft/ros2_ws/build/motor_controller/install.log --single-version-externally-managed install_data
[6.299s] running egg_info
[6.300s] creating ../../build/motor_controller/motor_controller.egg-info
[6.384s] writing ../../build/motor_controller/motor_controller.egg-info/PKG-INFO
[6.385s] writing dependency_links to ../../build/motor_controller/motor_controller.egg-info/dependency_links.txt
[6.385s] writing requirements to ../../build/motor_controller/motor_controller.egg-info/requires.txt
[6.386s] writing top-level names to ../../build/motor_controller/motor_controller.egg-info/top_level.txt
[6.387s] writing manifest file '../../build/motor_controller/motor_controller.egg-info/SOURCES.txt'
[6.559s] reading manifest file '../../build/motor_controller/motor_controller.egg-info/SOURCES.txt'
[6.562s] writing manifest file '../../build/motor_controller/motor_controller.egg-info/SOURCES.txt'
[6.562s] running build
[6.563s] running build_py
[6.563s] creating /home/spacecraft/ros2_ws/build/motor_controller/build
[6.564s] creating /home/spacecraft/ros2_ws/build/motor_controller/build/lib
[6.564s] creating /home/spacecraft/ros2_ws/build/motor_controller/build/lib/motor_controller
[6.565s] copying motor_controller/motor_node.py -> /home/spacecraft/ros2_ws/build/motor_controller/build/lib/motor_controller
[6.565s] copying motor_controller/__init__.py -> /home/spacecraft/ros2_ws/build/motor_controller/build/lib/motor_controller
[6.566s] running install
[6.591s] running install_lib
[6.676s] creating /home/spacecraft/ros2_ws/install/motor_controller/lib/python3.12/site-packages/motor_controller
[6.677s] copying /home/spacecraft/ros2_ws/build/motor_controller/build/lib/motor_controller/motor_node.py -> /home/spacecraft/ros2_ws/install/motor_controller/lib/python3.12/site-packages/motor_controller
[6.678s] copying /home/spacecraft/ros2_ws/build/motor_controller/build/lib/motor_controller/__init__.py -> /home/spacecraft/ros2_ws/install/motor_controller/lib/python3.12/site-packages/motor_controller
[6.680s] byte-compiling /home/spacecraft/ros2_ws/install/motor_controller/lib/python3.12/site-packages/motor_controller/motor_node.py to motor_node.cpython-312.pyc
[6.683s] byte-compiling /home/spacecraft/ros2_ws/install/motor_controller/lib/python3.12/site-packages/motor_controller/__init__.py to __init__.cpython-312.pyc
[6.684s] running install_data
[6.685s] creating /home/spacecraft/ros2_ws/install/motor_controller/share/ament_index
[6.685s] creating /home/spacecraft/ros2_ws/install/motor_controller/share/ament_index/resource_index
[6.686s] creating /home/spacecraft/ros2_ws/install/motor_controller/share/ament_index/resource_index/packages
[6.686s] copying resource/motor_controller -> /home/spacecraft/ros2_ws/install/motor_controller/share/ament_index/resource_index/packages
[6.687s] copying package.xml -> /home/spacecraft/ros2_ws/install/motor_controller/share/motor_controller
[6.687s] running install_egg_info
[6.777s] Copying ../../build/motor_controller/motor_controller.egg-info to /home/spacecraft/ros2_ws/install/motor_controller/lib/python3.12/site-packages/motor_controller-0.0.0-py3.12.egg-info
[6.782s] running install_scripts
[7.426s] writing list of installed files to '/home/spacecraft/ros2_ws/build/motor_controller/install.log'
[7.572s] Invoked command in '/home/spacecraft/ros2_ws/src/motor_controller' returned '0': DEBUGINFOD_URLS=https://debuginfod.ubuntu.com PYTHONPATH=/home/spacecraft/ros2_ws/build/motor_controller/prefix_override:/usr/lib/python3/dist-packages/colcon_core/task/python/colcon_distutils_commands:/home/spacecraft/ros2_ws/install/motor_controller/lib/python3.12/site-packages:${PYTHONPATH} /usr/bin/python3 -W ignore:setup.py install is deprecated -W ignore:easy_install command is deprecated setup.py egg_info --egg-base ../../build/motor_controller build --build-base /home/spacecraft/ros2_ws/build/motor_controller/build install --record /home/spacecraft/ros2_ws/build/motor_controller/install.log --single-version-externally-managed install_data
