[1.074s] DEBUG:colcon:Command line arguments: ['/usr/bin/colcon', 'build', '--packages-select', 'motor_controller']
[1.074s] DEBUG:colcon:Parsed command line arguments: Namespace(log_base=None, log_level=None, verb_name='build', build_base='build', install_base='install', merge_install=False, symlink_install=False, test_result_base=None, continue_on_error=False, executor='parallel', parallel_workers=4, event_handlers=None, ignore_user_meta=False, metas=['./colcon.meta'], base_paths=['.'], packages_ignore=None, packages_ignore_regex=None, paths=None, packages_up_to=None, packages_up_to_regex=None, packages_above=None, packages_above_and_dependencies=None, packages_above_depth=None, packages_select_by_dep=None, packages_skip_by_dep=None, packages_skip_up_to=None, packages_select_build_failed=False, packages_skip_build_finished=False, packages_select_test_failures=False, packages_skip_test_passed=False, packages_select=['motor_controller'], packages_skip=None, packages_select_regex=None, packages_skip_regex=None, packages_start=None, packages_end=None, allow_overriding=[], cmake_args=None, cmake_target=None, cmake_target_skip_unavailable=False, cmake_clean_cache=False, cmake_clean_first=False, cmake_force_configure=False, ament_cmake_args=None, catkin_cmake_args=None, catkin_skip_building_tests=False, verb_parser=<colcon_defaults.argument_parser.defaults.DefaultArgumentsDecorator object at 0xffff84660440>, verb_extension=<colcon_core.verb.build.BuildVerb object at 0xffff84804ad0>, main=<bound method BuildVerb.main of <colcon_core.verb.build.BuildVerb object at 0xffff84804ad0>>)
[1.376s] Level 1:colcon.colcon_core.package_discovery:discover_packages(colcon_meta) check parameters
[1.377s] Level 1:colcon.colcon_core.package_discovery:discover_packages(recursive) check parameters
[1.377s] Level 1:colcon.colcon_core.package_discovery:discover_packages(ignore) check parameters
[1.378s] Level 1:colcon.colcon_core.package_discovery:discover_packages(path) check parameters
[1.378s] Level 1:colcon.colcon_core.package_discovery:discover_packages(colcon_meta) discover
[1.378s] Level 1:colcon.colcon_core.package_discovery:discover_packages(recursive) discover
[1.378s] INFO:colcon.colcon_core.package_discovery:Crawling recursively for packages in '/home/spacecraft/ros2_ws'
[1.379s] Level 1:colcon.colcon_core.package_identification:_identify(.) by extensions ['ignore', 'ignore_ament_install']
[1.379s] Level 1:colcon.colcon_core.package_identification:_identify(.) by extension 'ignore'
[1.380s] Level 1:colcon.colcon_core.package_identification:_identify(.) by extension 'ignore_ament_install'
[1.380s] Level 1:colcon.colcon_core.package_identification:_identify(.) by extensions ['colcon_pkg']
[1.380s] Level 1:colcon.colcon_core.package_identification:_identify(.) by extension 'colcon_pkg'
[1.381s] Level 1:colcon.colcon_core.package_identification:_identify(.) by extensions ['colcon_meta']
[1.381s] Level 1:colcon.colcon_core.package_identification:_identify(.) by extension 'colcon_meta'
[1.381s] Level 1:colcon.colcon_core.package_identification:_identify(.) by extensions ['ros']
[1.381s] Level 1:colcon.colcon_core.package_identification:_identify(.) by extension 'ros'
[1.519s] Level 1:colcon.colcon_core.package_identification:_identify(.) by extensions ['cmake', 'python']
[1.520s] Level 1:colcon.colcon_core.package_identification:_identify(.) by extension 'cmake'
[1.520s] Level 1:colcon.colcon_core.package_identification:_identify(.) by extension 'python'
[1.520s] Level 1:colcon.colcon_core.package_identification:_identify(.) by extensions ['python_setup_py']
[1.520s] Level 1:colcon.colcon_core.package_identification:_identify(.) by extension 'python_setup_py'
[1.521s] Level 1:colcon.colcon_core.package_identification:_identify(build) by extensions ['ignore', 'ignore_ament_install']
[1.521s] Level 1:colcon.colcon_core.package_identification:_identify(build) by extension 'ignore'
[1.521s] Level 1:colcon.colcon_core.package_identification:_identify(build) ignored
[1.522s] Level 1:colcon.colcon_core.package_identification:_identify(install) by extensions ['ignore', 'ignore_ament_install']
[1.522s] Level 1:colcon.colcon_core.package_identification:_identify(install) by extension 'ignore'
[1.522s] Level 1:colcon.colcon_core.package_identification:_identify(install) ignored
[1.523s] Level 1:colcon.colcon_core.package_identification:_identify(log) by extensions ['ignore', 'ignore_ament_install']
[1.523s] Level 1:colcon.colcon_core.package_identification:_identify(log) by extension 'ignore'
[1.523s] Level 1:colcon.colcon_core.package_identification:_identify(log) ignored
[1.524s] Level 1:colcon.colcon_core.package_identification:_identify(src) by extensions ['ignore', 'ignore_ament_install']
[1.524s] Level 1:colcon.colcon_core.package_identification:_identify(src) by extension 'ignore'
[1.524s] Level 1:colcon.colcon_core.package_identification:_identify(src) by extension 'ignore_ament_install'
[1.524s] Level 1:colcon.colcon_core.package_identification:_identify(src) by extensions ['colcon_pkg']
[1.525s] Level 1:colcon.colcon_core.package_identification:_identify(src) by extension 'colcon_pkg'
[1.525s] Level 1:colcon.colcon_core.package_identification:_identify(src) by extensions ['colcon_meta']
[1.525s] Level 1:colcon.colcon_core.package_identification:_identify(src) by extension 'colcon_meta'
[1.525s] Level 1:colcon.colcon_core.package_identification:_identify(src) by extensions ['ros']
[1.525s] Level 1:colcon.colcon_core.package_identification:_identify(src) by extension 'ros'
[1.525s] Level 1:colcon.colcon_core.package_identification:_identify(src) by extensions ['cmake', 'python']
[1.526s] Level 1:colcon.colcon_core.package_identification:_identify(src) by extension 'cmake'
[1.526s] Level 1:colcon.colcon_core.package_identification:_identify(src) by extension 'python'
[1.526s] Level 1:colcon.colcon_core.package_identification:_identify(src) by extensions ['python_setup_py']
[1.526s] Level 1:colcon.colcon_core.package_identification:_identify(src) by extension 'python_setup_py'
[1.526s] Level 1:colcon.colcon_core.package_identification:_identify(src/motor_controller) by extensions ['ignore', 'ignore_ament_install']
[1.527s] Level 1:colcon.colcon_core.package_identification:_identify(src/motor_controller) by extension 'ignore'
[1.527s] Level 1:colcon.colcon_core.package_identification:_identify(src/motor_controller) by extension 'ignore_ament_install'
[1.527s] Level 1:colcon.colcon_core.package_identification:_identify(src/motor_controller) by extensions ['colcon_pkg']
[1.527s] Level 1:colcon.colcon_core.package_identification:_identify(src/motor_controller) by extension 'colcon_pkg'
[1.528s] Level 1:colcon.colcon_core.package_identification:_identify(src/motor_controller) by extensions ['colcon_meta']
[1.528s] Level 1:colcon.colcon_core.package_identification:_identify(src/motor_controller) by extension 'colcon_meta'
[1.528s] Level 1:colcon.colcon_core.package_identification:_identify(src/motor_controller) by extensions ['ros']
[1.528s] Level 1:colcon.colcon_core.package_identification:_identify(src/motor_controller) by extension 'ros'
[1.545s] DEBUG:colcon.colcon_core.package_identification:Package 'src/motor_controller' with type 'ros.ament_python' and name 'motor_controller'
[1.546s] Level 1:colcon.colcon_core.package_identification:_identify(src/multi_launch) by extensions ['ignore', 'ignore_ament_install']
[1.546s] Level 1:colcon.colcon_core.package_identification:_identify(src/multi_launch) by extension 'ignore'
[1.547s] Level 1:colcon.colcon_core.package_identification:_identify(src/multi_launch) by extension 'ignore_ament_install'
[1.547s] Level 1:colcon.colcon_core.package_identification:_identify(src/multi_launch) by extensions ['colcon_pkg']
[1.547s] Level 1:colcon.colcon_core.package_identification:_identify(src/multi_launch) by extension 'colcon_pkg'
[1.547s] Level 1:colcon.colcon_core.package_identification:_identify(src/multi_launch) by extensions ['colcon_meta']
[1.548s] Level 1:colcon.colcon_core.package_identification:_identify(src/multi_launch) by extension 'colcon_meta'
[1.548s] Level 1:colcon.colcon_core.package_identification:_identify(src/multi_launch) by extensions ['ros']
[1.548s] Level 1:colcon.colcon_core.package_identification:_identify(src/multi_launch) by extension 'ros'
[1.550s] DEBUG:colcon.colcon_core.package_identification:Package 'src/multi_launch' with type 'ros.ament_python' and name 'multi_launch'
[1.551s] Level 1:colcon.colcon_core.package_discovery:discover_packages(recursive) using defaults
[1.551s] Level 1:colcon.colcon_core.package_discovery:discover_packages(ignore) discover
[1.551s] Level 1:colcon.colcon_core.package_discovery:discover_packages(ignore) using defaults
[1.551s] Level 1:colcon.colcon_core.package_discovery:discover_packages(path) discover
[1.551s] Level 1:colcon.colcon_core.package_discovery:discover_packages(path) using defaults
[1.655s] INFO:colcon.colcon_core.package_selection:Skipping not selected package 'multi_launch' in 'src/multi_launch'
[1.658s] Level 1:colcon.colcon_core.package_discovery:discover_packages(prefix_path) check parameters
[1.659s] Level 1:colcon.colcon_core.package_discovery:discover_packages(prefix_path) discover
[1.673s] DEBUG:colcon.colcon_installed_package_information.package_discovery:Found 2 installed packages in /home/spacecraft/ros2_ws/install
[1.686s] DEBUG:colcon.colcon_installed_package_information.package_discovery:Found 295 installed packages in /opt/ros/jazzy
[1.689s] Level 1:colcon.colcon_core.package_discovery:discover_packages(prefix_path) using defaults
[1.910s] Level 5:colcon.colcon_core.verb:set package 'motor_controller' build argument 'cmake_args' from command line to 'None'
[1.910s] Level 5:colcon.colcon_core.verb:set package 'motor_controller' build argument 'cmake_target' from command line to 'None'
[1.911s] Level 5:colcon.colcon_core.verb:set package 'motor_controller' build argument 'cmake_target_skip_unavailable' from command line to 'False'
[1.911s] Level 5:colcon.colcon_core.verb:set package 'motor_controller' build argument 'cmake_clean_cache' from command line to 'False'
[1.911s] Level 5:colcon.colcon_core.verb:set package 'motor_controller' build argument 'cmake_clean_first' from command line to 'False'
[1.911s] Level 5:colcon.colcon_core.verb:set package 'motor_controller' build argument 'cmake_force_configure' from command line to 'False'
[1.911s] Level 5:colcon.colcon_core.verb:set package 'motor_controller' build argument 'ament_cmake_args' from command line to 'None'
[1.911s] Level 5:colcon.colcon_core.verb:set package 'motor_controller' build argument 'catkin_cmake_args' from command line to 'None'
[1.911s] Level 5:colcon.colcon_core.verb:set package 'motor_controller' build argument 'catkin_skip_building_tests' from command line to 'False'
[1.911s] DEBUG:colcon.colcon_core.verb:Building package 'motor_controller' with the following arguments: {'ament_cmake_args': None, 'build_base': '/home/spacecraft/ros2_ws/build/motor_controller', 'catkin_cmake_args': None, 'catkin_skip_building_tests': False, 'cmake_args': None, 'cmake_clean_cache': False, 'cmake_clean_first': False, 'cmake_force_configure': False, 'cmake_target': None, 'cmake_target_skip_unavailable': False, 'install_base': '/home/spacecraft/ros2_ws/install/motor_controller', 'merge_install': False, 'path': '/home/spacecraft/ros2_ws/src/motor_controller', 'symlink_install': False, 'test_result_base': None}
[1.912s] INFO:colcon.colcon_core.executor:Executing jobs using 'parallel' executor
[1.915s] DEBUG:colcon.colcon_parallel_executor.executor.parallel:run_until_complete
[1.916s] INFO:colcon.colcon_ros.task.ament_python.build:Building ROS package in '/home/spacecraft/ros2_ws/src/motor_controller' with build type 'ament_python'
[1.916s] Level 1:colcon.colcon_core.shell:create_environment_hook('motor_controller', 'ament_prefix_path')
[1.937s] INFO:colcon.colcon_core.plugin_system:Skipping extension 'colcon_core.shell.bat': Not used on non-Windows systems
[1.938s] INFO:colcon.colcon_core.shell:Creating environment hook '/home/spacecraft/ros2_ws/install/motor_controller/share/motor_controller/hook/ament_prefix_path.ps1'
[1.942s] INFO:colcon.colcon_core.shell:Creating environment descriptor '/home/spacecraft/ros2_ws/install/motor_controller/share/motor_controller/hook/ament_prefix_path.dsv'
[1.945s] INFO:colcon.colcon_core.shell:Creating environment hook '/home/spacecraft/ros2_ws/install/motor_controller/share/motor_controller/hook/ament_prefix_path.sh'
[1.949s] INFO:colcon.colcon_core.shell:Skip shell extension 'powershell' for command environment: Not usable outside of PowerShell
[1.949s] DEBUG:colcon.colcon_core.shell:Skip shell extension 'dsv' for command environment
[2.911s] INFO:colcon.colcon_core.task.python.build:Building Python package in '/home/spacecraft/ros2_ws/src/motor_controller'
[2.911s] INFO:colcon.colcon_core.shell:Skip shell extension 'powershell' for command environment: Not usable outside of PowerShell
[2.912s] DEBUG:colcon.colcon_core.shell:Skip shell extension 'dsv' for command environment
[6.247s] DEBUG:colcon.colcon_core.event_handler.log_command:Invoking command in '/home/spacecraft/ros2_ws/src/motor_controller': DEBUGINFOD_URLS=https://debuginfod.ubuntu.com PYTHONPATH=/home/spacecraft/ros2_ws/build/motor_controller/prefix_override:/usr/lib/python3/dist-packages/colcon_core/task/python/colcon_distutils_commands:/home/spacecraft/ros2_ws/install/motor_controller/lib/python3.12/site-packages:${PYTHONPATH} /usr/bin/python3 -W ignore:setup.py install is deprecated -W ignore:easy_install command is deprecated setup.py egg_info --egg-base ../../build/motor_controller build --build-base /home/spacecraft/ros2_ws/build/motor_controller/build install --record /home/spacecraft/ros2_ws/build/motor_controller/install.log --single-version-externally-managed install_data
[8.581s] DEBUG:colcon.colcon_core.event_handler.log_command:Invoked command in '/home/spacecraft/ros2_ws/src/motor_controller' returned '0': DEBUGINFOD_URLS=https://debuginfod.ubuntu.com PYTHONPATH=/home/spacecraft/ros2_ws/build/motor_controller/prefix_override:/usr/lib/python3/dist-packages/colcon_core/task/python/colcon_distutils_commands:/home/spacecraft/ros2_ws/install/motor_controller/lib/python3.12/site-packages:${PYTHONPATH} /usr/bin/python3 -W ignore:setup.py install is deprecated -W ignore:easy_install command is deprecated setup.py egg_info --egg-base ../../build/motor_controller build --build-base /home/spacecraft/ros2_ws/build/motor_controller/build install --record /home/spacecraft/ros2_ws/build/motor_controller/install.log --single-version-externally-managed install_data
[8.606s] Level 1:colcon.colcon_core.environment:checking '/home/spacecraft/ros2_ws/install/motor_controller' for CMake module files
[8.609s] Level 1:colcon.colcon_core.environment:checking '/home/spacecraft/ros2_ws/install/motor_controller' for CMake config files
[8.613s] Level 1:colcon.colcon_core.environment:checking '/home/spacecraft/ros2_ws/install/motor_controller/lib'
[8.614s] Level 1:colcon.colcon_core.environment:checking '/home/spacecraft/ros2_ws/install/motor_controller/bin'
[8.614s] Level 1:colcon.colcon_core.environment:checking '/home/spacecraft/ros2_ws/install/motor_controller/lib/pkgconfig/motor_controller.pc'
[8.615s] Level 1:colcon.colcon_core.environment:checking '/home/spacecraft/ros2_ws/install/motor_controller/lib/python3.12/site-packages'
[8.616s] Level 1:colcon.colcon_core.shell:create_environment_hook('motor_controller', 'pythonpath')
[8.617s] INFO:colcon.colcon_core.shell:Creating environment hook '/home/spacecraft/ros2_ws/install/motor_controller/share/motor_controller/hook/pythonpath.ps1'
[8.619s] INFO:colcon.colcon_core.shell:Creating environment descriptor '/home/spacecraft/ros2_ws/install/motor_controller/share/motor_controller/hook/pythonpath.dsv'
[8.621s] INFO:colcon.colcon_core.shell:Creating environment hook '/home/spacecraft/ros2_ws/install/motor_controller/share/motor_controller/hook/pythonpath.sh'
[8.625s] Level 1:colcon.colcon_core.environment:checking '/home/spacecraft/ros2_ws/install/motor_controller/bin'
[8.625s] Level 1:colcon.colcon_core.environment:create_environment_scripts_only(motor_controller)
[8.626s] INFO:colcon.colcon_core.shell:Creating package script '/home/spacecraft/ros2_ws/install/motor_controller/share/motor_controller/package.ps1'
[8.630s] INFO:colcon.colcon_core.shell:Creating package descriptor '/home/spacecraft/ros2_ws/install/motor_controller/share/motor_controller/package.dsv'
[8.636s] INFO:colcon.colcon_core.shell:Creating package script '/home/spacecraft/ros2_ws/install/motor_controller/share/motor_controller/package.sh'
[8.645s] INFO:colcon.colcon_core.shell:Creating package script '/home/spacecraft/ros2_ws/install/motor_controller/share/motor_controller/package.bash'
[8.650s] INFO:colcon.colcon_core.shell:Creating package script '/home/spacecraft/ros2_ws/install/motor_controller/share/motor_controller/package.zsh'
[8.655s] Level 1:colcon.colcon_core.environment:create_file_with_runtime_dependencies(/home/spacecraft/ros2_ws/install/motor_controller/share/colcon-core/packages/motor_controller)
[8.656s] DEBUG:colcon.colcon_parallel_executor.executor.parallel:closing loop
[8.658s] DEBUG:colcon.colcon_parallel_executor.executor.parallel:loop closed
[8.658s] DEBUG:colcon.colcon_parallel_executor.executor.parallel:run_until_complete finished with '0'
[8.659s] DEBUG:colcon.colcon_core.event_reactor:joining thread
[8.688s] INFO:colcon.colcon_core.plugin_system:Skipping extension 'colcon_notification.desktop_notification.terminal_notifier': Not used on non-Darwin systems
[8.689s] INFO:colcon.colcon_core.plugin_system:Skipping extension 'colcon_notification.desktop_notification.win32': Not used on non-Windows systems
[8.689s] INFO:colcon.colcon_notification.desktop_notification:Sending desktop notification using 'notify2'
[8.809s] DEBUG:colcon.colcon_core.event_reactor:joined thread
[8.810s] INFO:colcon.colcon_core.shell:Creating prefix script '/home/spacecraft/ros2_ws/install/local_setup.ps1'
[8.815s] INFO:colcon.colcon_core.shell:Creating prefix util module '/home/spacecraft/ros2_ws/install/_local_setup_util_ps1.py'
[8.824s] INFO:colcon.colcon_core.shell:Creating prefix chain script '/home/spacecraft/ros2_ws/install/setup.ps1'
[8.840s] INFO:colcon.colcon_core.shell:Creating prefix script '/home/spacecraft/ros2_ws/install/local_setup.sh'
[8.853s] INFO:colcon.colcon_core.shell:Creating prefix util module '/home/spacecraft/ros2_ws/install/_local_setup_util_sh.py'
[8.858s] INFO:colcon.colcon_core.shell:Creating prefix chain script '/home/spacecraft/ros2_ws/install/setup.sh'
[8.877s] INFO:colcon.colcon_core.shell:Creating prefix script '/home/spacecraft/ros2_ws/install/local_setup.bash'
[8.881s] INFO:colcon.colcon_core.shell:Creating prefix chain script '/home/spacecraft/ros2_ws/install/setup.bash'
[8.887s] INFO:colcon.colcon_core.shell:Creating prefix script '/home/spacecraft/ros2_ws/install/local_setup.zsh'
[8.891s] INFO:colcon.colcon_core.shell:Creating prefix chain script '/home/spacecraft/ros2_ws/install/setup.zsh'
