[4.330s] Invoking command in '/home/spacecraft/ros2_ws/src/motor_controller': DEBUGINFOD_URLS=https://debuginfod.ubuntu.com PYTHONPATH=/home/spacecraft/ros2_ws/build/motor_controller/prefix_override:/usr/lib/python3/dist-packages/colcon_core/task/python/colcon_distutils_commands:/home/spacecraft/ros2_ws/install/motor_controller/lib/python3.12/site-packages:${PYTHONPATH} /usr/bin/python3 -W ignore:setup.py install is deprecated -W ignore:easy_install command is deprecated setup.py egg_info --egg-base ../../build/motor_controller build --build-base /home/spacecraft/ros2_ws/build/motor_controller/build install --record /home/spacecraft/ros2_ws/build/motor_controller/install.log --single-version-externally-managed install_data
[5.439s] running egg_info
[5.517s] writing ../../build/motor_controller/motor_controller.egg-info/PKG-INFO
[5.519s] writing dependency_links to ../../build/motor_controller/motor_controller.egg-info/dependency_links.txt
[5.530s] writing entry points to ../../build/motor_controller/motor_controller.egg-info/entry_points.txt
[5.531s] writing requirements to ../../build/motor_controller/motor_controller.egg-info/requires.txt
[5.533s] writing top-level names to ../../build/motor_controller/motor_controller.egg-info/top_level.txt
[5.703s] reading manifest file '../../build/motor_controller/motor_controller.egg-info/SOURCES.txt'
[5.707s] writing manifest file '../../build/motor_controller/motor_controller.egg-info/SOURCES.txt'
[5.707s] running build
[5.708s] running build_py
[5.712s] running install
[5.737s] running install_lib
[5.822s] running install_data
[5.824s] running install_egg_info
[5.912s] removing '/home/spacecraft/ros2_ws/install/motor_controller/lib/python3.12/site-packages/motor_controller-0.0.0-py3.12.egg-info' (and everything under it)
[5.914s] Copying ../../build/motor_controller/motor_controller.egg-info to /home/spacecraft/ros2_ws/install/motor_controller/lib/python3.12/site-packages/motor_controller-0.0.0-py3.12.egg-info
[5.920s] running install_scripts
[6.521s] Installing motor_node script to /home/spacecraft/ros2_ws/install/motor_controller/lib/motor_controller
[6.523s] writing list of installed files to '/home/spacecraft/ros2_ws/build/motor_controller/install.log'
[6.664s] Invoked command in '/home/spacecraft/ros2_ws/src/motor_controller' returned '0': DEBUGINFOD_URLS=https://debuginfod.ubuntu.com PYTHONPATH=/home/spacecraft/ros2_ws/build/motor_controller/prefix_override:/usr/lib/python3/dist-packages/colcon_core/task/python/colcon_distutils_commands:/home/spacecraft/ros2_ws/install/motor_controller/lib/python3.12/site-packages:${PYTHONPATH} /usr/bin/python3 -W ignore:setup.py install is deprecated -W ignore:easy_install command is deprecated setup.py egg_info --egg-base ../../build/motor_controller build --build-base /home/spacecraft/ros2_ws/build/motor_controller/build install --record /home/spacecraft/ros2_ws/build/motor_controller/install.log --single-version-externally-managed install_data
