[4.908s] Invoking command in '/home/spacecraft/ros2_ws/src/motor_controller': DEBUGINFOD_URLS=https://debuginfod.ubuntu.com PYTHONPATH=/home/spacecraft/ros2_ws/build/motor_controller/prefix_override:/usr/lib/python3/dist-packages/colcon_core/task/python/colcon_distutils_commands:/home/spacecraft/ros2_ws/install/motor_controller/lib/python3.12/site-packages:${PYTHONPATH} /usr/bin/python3 -W ignore:setup.py install is deprecated -W ignore:easy_install command is deprecated setup.py egg_info --egg-base ../../build/motor_controller build --build-base /home/spacecraft/ros2_ws/build/motor_controller/build install --record /home/spacecraft/ros2_ws/build/motor_controller/install.log --single-version-externally-managed install_data
[6.500s] running egg_info
[6.623s] writing ../../build/motor_controller/motor_controller.egg-info/PKG-INFO
[6.624s] writing dependency_links to ../../build/motor_controller/motor_controller.egg-info/dependency_links.txt
[6.640s] writing entry points to ../../build/motor_controller/motor_controller.egg-info/entry_points.txt
[6.641s] writing requirements to ../../build/motor_controller/motor_controller.egg-info/requires.txt
[6.652s] writing top-level names to ../../build/motor_controller/motor_controller.egg-info/top_level.txt
[6.913s] reading manifest file '../../build/motor_controller/motor_controller.egg-info/SOURCES.txt'
[6.918s] writing manifest file '../../build/motor_controller/motor_controller.egg-info/SOURCES.txt'
[6.919s] running build
[6.919s] running build_py
[6.920s] copying motor_controller/motor_node.py -> /home/spacecraft/ros2_ws/build/motor_controller/build/lib/motor_controller
[6.922s] running install
[6.952s] running install_lib
[7.080s] copying /home/spacecraft/ros2_ws/build/motor_controller/build/lib/motor_controller/motor_node.py -> /home/spacecraft/ros2_ws/install/motor_controller/lib/python3.12/site-packages/motor_controller
[7.084s] byte-compiling /home/spacecraft/ros2_ws/install/motor_controller/lib/python3.12/site-packages/motor_controller/motor_node.py to motor_node.cpython-312.pyc
[7.088s] running install_data
[7.089s] running install_egg_info
[7.229s] removing '/home/spacecraft/ros2_ws/install/motor_controller/lib/python3.12/site-packages/motor_controller-0.0.0-py3.12.egg-info' (and everything under it)
[7.232s] Copying ../../build/motor_controller/motor_controller.egg-info to /home/spacecraft/ros2_ws/install/motor_controller/lib/python3.12/site-packages/motor_controller-0.0.0-py3.12.egg-info
[7.238s] running install_scripts
[8.158s] Installing motor_node script to /home/spacecraft/ros2_ws/install/motor_controller/lib/motor_controller
[8.163s] writing list of installed files to '/home/spacecraft/ros2_ws/build/motor_controller/install.log'
[8.351s] Invoked command in '/home/spacecraft/ros2_ws/src/motor_controller' returned '0': DEBUGINFOD_URLS=https://debuginfod.ubuntu.com PYTHONPATH=/home/spacecraft/ros2_ws/build/motor_controller/prefix_override:/usr/lib/python3/dist-packages/colcon_core/task/python/colcon_distutils_commands:/home/spacecraft/ros2_ws/install/motor_controller/lib/python3.12/site-packages:${PYTHONPATH} /usr/bin/python3 -W ignore:setup.py install is deprecated -W ignore:easy_install command is deprecated setup.py egg_info --egg-base ../../build/motor_controller build --build-base /home/spacecraft/ros2_ws/build/motor_controller/build install --record /home/spacecraft/ros2_ws/build/motor_controller/install.log --single-version-externally-managed install_data
